[Licensing::Module] Trying to connect to existing licensing client channel...
Built from '6000.3/staging' branch; Version is '6000.3.2f1 (a9779f353c9b) revision 11106207'; Using compiler version '194234433'; Build Type 'Release'
OS: 'Windows 11  (10.0.26100) 64bit CoreSingleLanguage' Language: 'en' Physical Memory: 16068 MB
[Licensing::IpcConnector] Successfully connected to: "LicenseClient-DELL" at "2026-01-02T14:22:25.9701373Z"
BatchMode: 1, IsHumanControllingUs: 0, StartBugReporterOnCrash: 0, Is64bit: 1
Date: 2026-01-02T14:22:25Z

COMMAND LINE ARGUMENTS:
C:\Program Files\Unity\Hub\Editor\6000.3.2f1\Editor\Unity.exe
-adb2
-batchMode
-noUpm
-name
AssetImportWorker3
-projectPath
D:/Unity/My project
-logFile
Logs/AssetImportWorker3.log
-srvPort
51617
-job-worker-count
9
-background-job-worker-count
8
-gc-helper-count
1
-name
AssetImport
Successfully changed project path to: D:/Unity/My project
D:/Unity/My project
[UnityMemory] Configuration Parameters - Can be set up in boot.config
    "memorysetup-temp-allocator-size-nav-mesh-worker=65536"
    "memorysetup-temp-allocator-size-audio-worker=65536"
    "memorysetup-temp-allocator-size-gfx=262144"
    "memorysetup-allocator-temp-initial-block-size-main=262144"
    "memorysetup-allocator-temp-initial-block-size-worker=262144"
    "memorysetup-temp-allocator-size-background-worker=32768"
    "memorysetup-temp-allocator-size-job-worker=262144"
    "memorysetup-temp-allocator-size-preload-manager=33554432"
    "memorysetup-temp-allocator-size-gi-baking-worker=262144"
    "memorysetup-temp-allocator-size-gi-baking-worker=262144"
    "memorysetup-temp-allocator-size-gi-baking-worker=262144"
    "memorysetup-temp-allocator-size-gi-baking-worker=262144"
    "memorysetup-temp-allocator-size-gi-baking-worker=262144"
    "memorysetup-bucket-allocator-granularity=16"
    "memorysetup-bucket-allocator-bucket-count=8"
    "memorysetup-bucket-allocator-block-size=33554432"
    "memorysetup-bucket-allocator-block-count=8"
    "memorysetup-main-allocator-block-size=16777216"
    "memorysetup-thread-allocator-block-size=16777216"
    "memorysetup-gfx-main-allocator-block-size=16777216"
    "memorysetup-gfx-thread-allocator-block-size=16777216"
    "memorysetup-cache-allocator-block-size=4194304"
    "memorysetup-typetree-allocator-block-size=2097152"
    "memorysetup-profiler-bucket-allocator-granularity=16"
    "memorysetup-profiler-bucket-allocator-bucket-count=8"
    "memorysetup-profiler-bucket-allocator-block-size=33554432"
    "memorysetup-profiler-bucket-allocator-block-count=8"
    "memorysetup-profiler-allocator-block-size=16777216"
    "memorysetup-profiler-editor-allocator-block-size=1048576"
    "memorysetup-temp-allocator-size-main=16777216"
    "memorysetup-job-temp-allocator-block-size=2097152"
    "memorysetup-job-temp-allocator-block-size-background=1048576"
    "memorysetup-job-temp-allocator-reduction-small-platforms=262144"
    "memorysetup-temp-allocator-size-cloud-worker=32768"
Player connection [30080]  Target information:

Player connection [30080]  * "[IP] 192.168.2.105 [Port] 0 [Flags] 2 [Guid] 3746507341 [EditorId] 3746507341 [Version] 1048832 [Id] WindowsEditor(7,DESKTOP-HML18CB) [Debug] 1 [PackageName] WindowsEditor [ProjectName] Editor" 

Player connection [30080] Host joined multi-casting on [225.0.0.222:54997]...
Player connection [30080] Host joined alternative multi-casting on [225.0.0.222:34997]...
JobSystem: Creating JobQueue using job-worker-count value 9
Input System module state changed to: Initialized.
[Physics::Module] Initialized fallback backend.
[Physics::Module] Id: 0xdecafbad
Library Redirect Path: Library/
[Physics::Module] Selected backend.
[Physics::Module] Name: PhysX
[Physics::Module] Id: 0xf2b8ea05
[Physics::Module] SDK Version: 4.1.2
[Physics::Module] Integration Version: 1.0.0
[Physics::Module] Threading Mode: Multi-Threaded
Refreshing native plugins compatible for Editor in 2.10 ms, found 4 plugins.
Preloading 0 native plugins for Editor in 0.00 ms.
Initialize engine version: 6000.3.2f1 (a9779f353c9b)
[Subsystems] Discovering subsystems at path C:/Program Files/Unity/Hub/Editor/6000.3.2f1/Editor/Data/Resources/UnitySubsystems
[Subsystems] Discovering subsystems at path D:/Unity/My project/Assets
GfxDevice: creating device client; kGfxThreadingModeNonThreaded
Direct3D:
    Version:  Direct3D 11.0 [level 11.1]
    Renderer: NVIDIA GeForce RTX 4060 Laptop GPU (ID=0x28e0)
    Vendor:   NVIDIA
    VRAM:     7957 MB
    Driver:   32.0.15.8180
Initialize mono
Mono path[0] = 'C:/Program Files/Unity/Hub/Editor/6000.3.2f1/Editor/Data/Managed'
Mono path[1] = 'C:/Program Files/Unity/Hub/Editor/6000.3.2f1/Editor/Data/MonoBleedingEdge/lib/mono/unityjit-win32'
Mono config path = 'C:/Program Files/Unity/Hub/Editor/6000.3.2f1/Editor/Data/MonoBleedingEdge/etc'
Using monoOptions --debugger-agent=transport=dt_socket,embedding=1,server=y,suspend=n,address=127.0.0.1:56736
Begin MonoManager ReloadAssembly
Registering precompiled unity dll's ...
Register platform support module: C:/Program Files/Unity/Hub/Editor/6000.3.2f1/Editor/Data/PlaybackEngines/WebGLSupport/UnityEditor.WebGL.Extensions.dll
Register platform support module: C:/Program Files/Unity/Hub/Editor/6000.3.2f1/Editor/Data/PlaybackEngines/WindowsStandaloneSupport/UnityEditor.WindowsStandalone.Extensions.dll
Registered in 0.003820 seconds.
- Loaded All Assemblies, in  0.650 seconds
Native extension for WindowsStandalone target not found
Native extension for WebGL target not found
Mono: successfully reloaded assembly
- Finished resetting the current domain, in  0.585 seconds
Domain Reload Profiling: 1233ms
	BeginReloadAssembly (147ms)
		ExecutionOrderSort (0ms)
		DisableScriptedObjects (0ms)
		BackupInstance (0ms)
		ReleaseScriptingObjects (0ms)
		CreateAndSetChildDomain (1ms)
	RebuildCommonClasses (39ms)
	RebuildNativeTypeToScriptingClass (14ms)
	initialDomainReloadingComplete (55ms)
	LoadAllAssembliesAndSetupDomain (393ms)
		LoadAssemblies (144ms)
		RebuildTransferFunctionScriptingTraits (0ms)
		AnalyzeDomain (389ms)
			TypeCache.Refresh (383ms)
				TypeCache.ScanAssembly (339ms)
			BuildScriptInfoCaches (1ms)
			ResolveRequiredComponents (3ms)
	FinalizeReload (586ms)
		ReleaseScriptCaches (0ms)
		RebuildScriptCaches (0ms)
		SetupLoadedEditorAssemblies (481ms)
			LogAssemblyErrors (0ms)
			InitializePlatformSupportModulesInManaged (93ms)
			SetLoadedEditorAssemblies (5ms)
			BeforeProcessingInitializeOnLoad (106ms)
			ProcessInitializeOnLoadAttributes (181ms)
			ProcessInitializeOnLoadMethodAttributes (96ms)
			AfterProcessingInitializeOnLoad (0ms)
			EditorAssembliesLoaded (0ms)
		ExecutionOrderSort2 (0ms)
		AwakeInstancesAfterBackupRestoration (0ms)
Assembly reference Packages/com.unity.cinemachine/Editor/Samples/ExposeHDRPInternals/HDRP-Editor-ref.asmref has no target assembly definition
========================================================================
Worker process is ready to serve import requests
Import Worker Mode flag is 0x00
Assembly reference Packages/com.unity.cinemachine/Editor/Samples/ExposeHDRPInternals/HDRP-Editor-ref.asmref has no target assembly definition
Assembly reference Packages/com.unity.cinemachine/Editor/Samples/ExposeHDRPInternals/HDRP-Editor-ref.asmref has no target assembly definition
Begin MonoManager ReloadAssembly
[Licensing::Module] Licensing is not yet initialized.
[Licensing::Client] Handshaking with LicensingClient:
  Version:                 1.17.4+4293ba1
  Session Id:              f861b6501c294cc5a38c0197b369bd5a
  Correlation Id:          4e314828ee6aa75ddd3092274256e36f
  External correlation Id: 1686013528810612643
  Machine Id:              TLMSVVvoe90mvElRDocy5H5m510=
[Licensing::Module] Successfully connected to LicensingClient on channel: "LicenseClient-DELL" (connect: 0.00s, validation: 0.01s, handshake: 2.79s)
[Licensing::IpcConnector] Successfully connected to: "LicenseClient-DELL-notifications" at "2026-01-02T14:22:28.7675765Z"
[Licensing::Module] Licensing Background thread has ended after 2.80s
[Licensing::Module] Licensing is initialized (took 0.24s).
[Licensing::Client] Successfully resolved entitlement details
[Licensing::Module] License group:
  Id: 18968300778758-UnityPersXXXX
  Product: Unity Personal
  Type: Assigned
  Expiration: Unlimited
- Loaded All Assemblies, in  1.354 seconds
Assembly reference Packages/com.unity.cinemachine/Editor/Samples/ExposeHDRPInternals/HDRP-Editor-ref.asmref has no target assembly definition
'Packages/com.unity.cinemachine/Editor/Obsolete/CinemachineVirtualCameraBaseEditor.cs' contains partial class of Unity.Object, exactly 1 of the partial classes needs to be in a file with the same filename. This is to know the one that can be referenced from ie. GameObjects
'Packages/com.unity.cinemachine/Editor/Editors/CinemachineVirtualCameraBaseEditor.cs' contains partial class of Unity.Object, exactly 1 of the partial classes needs to be in a file with the same filename. This is to know the one that can be referenced from ie. GameObjects
Refreshing native plugins compatible for Editor in 0.81 ms, found 4 plugins.
Native extension for WindowsStandalone target not found
Native extension for WebGL target not found
Assembly reference Packages/com.unity.cinemachine/Editor/Samples/ExposeHDRPInternals/HDRP-Editor-ref.asmref has no target assembly definition
Package Manager log level set to [2]
[Package Manager] Failed to launch server process. Reason: Unity was launched with the -noUpm command-line argument
[Package Manager] Unable to send message (not connected to server process).
[Package Manager] Cannot connect to Unity Package Manager local server
[Package Manager] Failed to launch server process. Reason: Unity was launched with the -noUpm command-line argument
[Package Manager] Unable to send message (not connected to server process).
[Package Manager] Cannot connect to Unity Package Manager local server
Mono: successfully reloaded assembly
- Finished resetting the current domain, in  1.212 seconds
Domain Reload Profiling: 2554ms
	BeginReloadAssembly (434ms)
		ExecutionOrderSort (0ms)
		DisableScriptedObjects (5ms)
		BackupInstance (0ms)
		ReleaseScriptingObjects (0ms)
		CreateAndSetChildDomain (33ms)
	RebuildCommonClasses (50ms)
	RebuildNativeTypeToScriptingClass (20ms)
	initialDomainReloadingComplete (72ms)
	LoadAllAssembliesAndSetupDomain (765ms)
		LoadAssemblies (575ms)
		RebuildTransferFunctionScriptingTraits (0ms)
		AnalyzeDomain (301ms)
			TypeCache.Refresh (227ms)
				TypeCache.ScanAssembly (212ms)
			BuildScriptInfoCaches (56ms)
			ResolveRequiredComponents (12ms)
	FinalizeReload (1212ms)
		ReleaseScriptCaches (0ms)
		RebuildScriptCaches (0ms)
		SetupLoadedEditorAssemblies (1059ms)
			LogAssemblyErrors (0ms)
			InitializePlatformSupportModulesInManaged (4ms)
			SetLoadedEditorAssemblies (9ms)
			BeforeProcessingInitializeOnLoad (179ms)
			ProcessInitializeOnLoadAttributes (709ms)
			ProcessInitializeOnLoadMethodAttributes (149ms)
			AfterProcessingInitializeOnLoad (8ms)
			EditorAssembliesLoaded (0ms)
		ExecutionOrderSort2 (0ms)
		AwakeInstancesAfterBackupRestoration (8ms)
Launched and connected shader compiler UnityShaderCompiler.exe after 0.02 seconds
Refreshing native plugins compatible for Editor in 1.90 ms, found 4 plugins.
Preloading 0 native plugins for Editor in 0.00 ms.
Unloading 17 Unused Serialized files (Serialized files now loaded: 0)
Unloading 7264 unused Assets / (4.2 MB). Loaded Objects now: 8081.
Memory consumption went from 158.6 MB to 154.4 MB.
Total: 12.856500 ms (FindLiveObjects: 1.683500 ms CreateObjectMapping: 0.401000 ms MarkObjects: 8.301700 ms  DeleteObjects: 2.468900 ms)

========================================================================
Received Prepare
Assembly reference Packages/com.unity.cinemachine/Editor/Samples/ExposeHDRPInternals/HDRP-Editor-ref.asmref has no target assembly definition
Assembly reference Packages/com.unity.cinemachine/Editor/Samples/ExposeHDRPInternals/HDRP-Editor-ref.asmref has no target assembly definition
Begin MonoManager ReloadAssembly
- Loaded All Assemblies, in  1.448 seconds
Assembly reference Packages/com.unity.cinemachine/Editor/Samples/ExposeHDRPInternals/HDRP-Editor-ref.asmref has no target assembly definition
'Packages/com.unity.cinemachine/Editor/Obsolete/CinemachineVirtualCameraBaseEditor.cs' contains partial class of Unity.Object, exactly 1 of the partial classes needs to be in a file with the same filename. This is to know the one that can be referenced from ie. GameObjects
'Packages/com.unity.cinemachine/Editor/Editors/CinemachineVirtualCameraBaseEditor.cs' contains partial class of Unity.Object, exactly 1 of the partial classes needs to be in a file with the same filename. This is to know the one that can be referenced from ie. GameObjects
Refreshing native plugins compatible for Editor in 1.12 ms, found 4 plugins.
Native extension for WindowsStandalone target not found
Native extension for WebGL target not found
Assembly reference Packages/com.unity.cinemachine/Editor/Samples/ExposeHDRPInternals/HDRP-Editor-ref.asmref has no target assembly definition
[Package Manager] Failed to launch server process. Reason: Unity was launched with the -noUpm command-line argument
[Package Manager] Unable to send message (not connected to server process).
[Package Manager] Cannot connect to Unity Package Manager local server
[Package Manager] Failed to launch server process. Reason: Unity was launched with the -noUpm command-line argument
[Package Manager] Unable to send message (not connected to server process).
[Package Manager] Cannot connect to Unity Package Manager local server
Mono: successfully reloaded assembly
- Finished resetting the current domain, in  1.384 seconds
Domain Reload Profiling: 2833ms
	BeginReloadAssembly (295ms)
		ExecutionOrderSort (0ms)
		DisableScriptedObjects (18ms)
		BackupInstance (0ms)
		ReleaseScriptingObjects (0ms)
		CreateAndSetChildDomain (76ms)
	RebuildCommonClasses (51ms)
	RebuildNativeTypeToScriptingClass (19ms)
	initialDomainReloadingComplete (36ms)
	LoadAllAssembliesAndSetupDomain (1047ms)
		LoadAssemblies (925ms)
		RebuildTransferFunctionScriptingTraits (0ms)
		AnalyzeDomain (257ms)
			TypeCache.Refresh (10ms)
				TypeCache.ScanAssembly (0ms)
			BuildScriptInfoCaches (225ms)
			ResolveRequiredComponents (15ms)
	FinalizeReload (1385ms)
		ReleaseScriptCaches (0ms)
		RebuildScriptCaches (0ms)
		SetupLoadedEditorAssemblies (1190ms)
			LogAssemblyErrors (0ms)
			InitializePlatformSupportModulesInManaged (3ms)
			SetLoadedEditorAssemblies (6ms)
			BeforeProcessingInitializeOnLoad (172ms)
			ProcessInitializeOnLoadAttributes (908ms)
			ProcessInitializeOnLoadMethodAttributes (95ms)
			AfterProcessingInitializeOnLoad (6ms)
			EditorAssembliesLoaded (0ms)
		ExecutionOrderSort2 (0ms)
		AwakeInstancesAfterBackupRestoration (17ms)
Refreshing native plugins compatible for Editor in 2.48 ms, found 4 plugins.
Preloading 0 native plugins for Editor in 0.00 ms.
Unloading 17 Unused Serialized files (Serialized files now loaded: 0)
Unloading 7262 unused Assets / (5.1 MB). Loaded Objects now: 8085.
Memory consumption went from 159.4 MB to 154.3 MB.
Total: 16.811200 ms (FindLiveObjects: 1.571700 ms CreateObjectMapping: 0.910900 ms MarkObjects: 9.619200 ms  DeleteObjects: 4.705600 ms)

Prepare: number of updated asset objects reloaded= 0
========================================================================
Received Prepare
Assembly reference Packages/com.unity.cinemachine/Editor/Samples/ExposeHDRPInternals/HDRP-Editor-ref.asmref has no target assembly definition
Assembly reference Packages/com.unity.cinemachine/Editor/Samples/ExposeHDRPInternals/HDRP-Editor-ref.asmref has no target assembly definition
Begin MonoManager ReloadAssembly
- Loaded All Assemblies, in  0.867 seconds
Assembly reference Packages/com.unity.cinemachine/Editor/Samples/ExposeHDRPInternals/HDRP-Editor-ref.asmref has no target assembly definition
'Packages/com.unity.cinemachine/Editor/Obsolete/CinemachineVirtualCameraBaseEditor.cs' contains partial class of Unity.Object, exactly 1 of the partial classes needs to be in a file with the same filename. This is to know the one that can be referenced from ie. GameObjects
'Packages/com.unity.cinemachine/Editor/Editors/CinemachineVirtualCameraBaseEditor.cs' contains partial class of Unity.Object, exactly 1 of the partial classes needs to be in a file with the same filename. This is to know the one that can be referenced from ie. GameObjects
Refreshing native plugins compatible for Editor in 0.99 ms, found 4 plugins.
Native extension for WindowsStandalone target not found
Native extension for WebGL target not found
Assembly reference Packages/com.unity.cinemachine/Editor/Samples/ExposeHDRPInternals/HDRP-Editor-ref.asmref has no target assembly definition
[Package Manager] Failed to launch server process. Reason: Unity was launched with the -noUpm command-line argument
[Package Manager] Unable to send message (not connected to server process).
[Package Manager] Cannot connect to Unity Package Manager local server
[Package Manager] Failed to launch server process. Reason: Unity was launched with the -noUpm command-line argument
[Package Manager] Unable to send message (not connected to server process).
[Package Manager] Cannot connect to Unity Package Manager local server
Mono: successfully reloaded assembly
- Finished resetting the current domain, in  1.542 seconds
Domain Reload Profiling: 2411ms
	BeginReloadAssembly (234ms)
		ExecutionOrderSort (0ms)
		DisableScriptedObjects (14ms)
		BackupInstance (0ms)
		ReleaseScriptingObjects (0ms)
		CreateAndSetChildDomain (58ms)
	RebuildCommonClasses (39ms)
	RebuildNativeTypeToScriptingClass (15ms)
	initialDomainReloadingComplete (31ms)
	LoadAllAssembliesAndSetupDomain (549ms)
		LoadAssemblies (387ms)
		RebuildTransferFunctionScriptingTraits (0ms)
		AnalyzeDomain (267ms)
			TypeCache.Refresh (9ms)
				TypeCache.ScanAssembly (0ms)
			BuildScriptInfoCaches (237ms)
			ResolveRequiredComponents (14ms)
	FinalizeReload (1543ms)
		ReleaseScriptCaches (0ms)
		RebuildScriptCaches (0ms)
		SetupLoadedEditorAssemblies (1362ms)
			LogAssemblyErrors (0ms)
			InitializePlatformSupportModulesInManaged (2ms)
			SetLoadedEditorAssemblies (7ms)
			BeforeProcessingInitializeOnLoad (197ms)
			ProcessInitializeOnLoadAttributes (1051ms)
			ProcessInitializeOnLoadMethodAttributes (99ms)
			AfterProcessingInitializeOnLoad (5ms)
			EditorAssembliesLoaded (0ms)
		ExecutionOrderSort2 (0ms)
		AwakeInstancesAfterBackupRestoration (18ms)
Refreshing native plugins compatible for Editor in 1.61 ms, found 4 plugins.
Preloading 0 native plugins for Editor in 0.00 ms.
Unloading 17 Unused Serialized files (Serialized files now loaded: 0)
Unloading 7262 unused Assets / (4.3 MB). Loaded Objects now: 8088.
Memory consumption went from 159.4 MB to 155.2 MB.
Total: 11.938000 ms (FindLiveObjects: 0.934200 ms CreateObjectMapping: 0.515300 ms MarkObjects: 7.861200 ms  DeleteObjects: 2.625200 ms)

Prepare: number of updated asset objects reloaded= 0
========================================================================
Received Import Request.
  Time since last request: 5647.819492 seconds.
  path: Assets/Sprites/Map.png
  artifactKey: Guid(ce12be17c22db524ea2cc49bef9f6af8) Importer(2089858483,b0f066a214c2f5e87bad3c948f4d605d)
Start importing Assets/Sprites/Map.png using Guid(ce12be17c22db524ea2cc49bef9f6af8) Importer(2089858483,b0f066a214c2f5e87bad3c948f4d605d) (ScriptedImporter) -> (artifact id: '9b2fcd2b60a6490078c093ac1cc7706d') in 0.1571917 seconds
Number of updated asset objects reloaded before import = 0Number of asset objects unloaded after import = 4

========================================================================
Received Import Request.
  Time since last request: 179.765535 seconds.
  path: Assets/Tile/Map_91.asset
  artifactKey: Guid(7d3bb355b19358146a238b29769aadad) Importer(815301076,1909f56bfc062723c751e8b465ee728b)
Start importing Assets/Tile/Map_91.asset using Guid(7d3bb355b19358146a238b29769aadad) Importer(815301076,1909f56bfc062723c751e8b465ee728b) (PreviewImporter) -> (artifact id: '54fd31bd351388e4285aa979243c6a0e') in 0.1114764 seconds
Number of updated asset objects reloaded before import = 0Number of asset objects unloaded after import = 3

========================================================================
Received Import Request.
  Time since last request: 0.000035 seconds.
  path: Assets/Tile/Map_116.asset
  artifactKey: Guid(49457d53818234547901bc5f26082fa0) Importer(815301076,1909f56bfc062723c751e8b465ee728b)
Start importing Assets/Tile/Map_116.asset using Guid(49457d53818234547901bc5f26082fa0) Importer(815301076,1909f56bfc062723c751e8b465ee728b) (PreviewImporter) -> (artifact id: '0498a6b7b756655cc09c9f0756f045dc') in 0.0201682 seconds
Number of updated asset objects reloaded before import = 0Number of asset objects unloaded after import = 3

========================================================================
Received Import Request.
  Time since last request: 0.000032 seconds.
  path: Assets/Tile/Map_103.asset
  artifactKey: Guid(3ad16d30f82c88a4e88b13a8d5b11d09) Importer(815301076,1909f56bfc062723c751e8b465ee728b)
Start importing Assets/Tile/Map_103.asset using Guid(3ad16d30f82c88a4e88b13a8d5b11d09) Importer(815301076,1909f56bfc062723c751e8b465ee728b) (PreviewImporter) -> (artifact id: '5ab8b394ce74e521bbbff9e8f49225a9') in 0.0249127 seconds
Number of updated asset objects reloaded before import = 0Number of asset objects unloaded after import = 3

========================================================================
Received Import Request.
  Time since last request: 0.000033 seconds.
  path: Assets/Tile/Map_100.asset
  artifactKey: Guid(f4f3fd5e5cf0aa74b86ad1a910d7f489) Importer(815301076,1909f56bfc062723c751e8b465ee728b)
Start importing Assets/Tile/Map_100.asset using Guid(f4f3fd5e5cf0aa74b86ad1a910d7f489) Importer(815301076,1909f56bfc062723c751e8b465ee728b) (PreviewImporter) -> (artifact id: '06996046faeb7f0db373672adf2763ea') in 0.0301684 seconds
Number of updated asset objects reloaded before import = 0Number of asset objects unloaded after import = 3

========================================================================
Received Import Request.
  Time since last request: 0.000034 seconds.
  path: Assets/Tile/Map_126.asset
  artifactKey: Guid(61320080b498b8d4f8488f2345cf97d9) Importer(815301076,1909f56bfc062723c751e8b465ee728b)
Start importing Assets/Tile/Map_126.asset using Guid(61320080b498b8d4f8488f2345cf97d9) Importer(815301076,1909f56bfc062723c751e8b465ee728b) (PreviewImporter) -> (artifact id: 'ffb599f0a2ea8bbde10c7f79687fa8ab') in 0.0228631 seconds
Number of updated asset objects reloaded before import = 0Number of asset objects unloaded after import = 3

========================================================================
Received Import Request.
  Time since last request: 0.000024 seconds.
  path: Assets/Tile/Map_94.asset
  artifactKey: Guid(316de0ad98ec9524da5bb7dbb58cfd9b) Importer(815301076,1909f56bfc062723c751e8b465ee728b)
Start importing Assets/Tile/Map_94.asset using Guid(316de0ad98ec9524da5bb7dbb58cfd9b) Importer(815301076,1909f56bfc062723c751e8b465ee728b) (PreviewImporter) -> (artifact id: '5179fa7021cd55735b95c04bcd258747') in 0.022311 seconds
Number of updated asset objects reloaded before import = 0Number of asset objects unloaded after import = 3

========================================================================
Received Import Request.
  Time since last request: 0.000031 seconds.
  path: Assets/Tile/Map_109.asset
  artifactKey: Guid(8e698dfb72560094b91b092186a99e88) Importer(815301076,1909f56bfc062723c751e8b465ee728b)
Start importing Assets/Tile/Map_109.asset using Guid(8e698dfb72560094b91b092186a99e88) Importer(815301076,1909f56bfc062723c751e8b465ee728b) (PreviewImporter) -> (artifact id: '970330cd3f6d3ffd55d3db1d64fa6bd5') in 0.0205198 seconds
Number of updated asset objects reloaded before import = 0Number of asset objects unloaded after import = 3

========================================================================
Received Import Request.
  Time since last request: 0.000042 seconds.
  path: Assets/Tile/Map_125.asset
  artifactKey: Guid(e2d777415f1087449bf2739c80d9f3b7) Importer(815301076,1909f56bfc062723c751e8b465ee728b)
Start importing Assets/Tile/Map_125.asset using Guid(e2d777415f1087449bf2739c80d9f3b7) Importer(815301076,1909f56bfc062723c751e8b465ee728b) (PreviewImporter) -> (artifact id: 'd864da678b0710be85d08ea336aeef06') in 0.0192378 seconds
Number of updated asset objects reloaded before import = 0Number of asset objects unloaded after import = 3

========================================================================
Received Import Request.
  Time since last request: 0.000029 seconds.
  path: Assets/Tile/Map_102.asset
  artifactKey: Guid(973b300e9ba6f5d48b7400f912cbb935) Importer(815301076,1909f56bfc062723c751e8b465ee728b)
Start importing Assets/Tile/Map_102.asset using Guid(973b300e9ba6f5d48b7400f912cbb935) Importer(815301076,1909f56bfc062723c751e8b465ee728b) (PreviewImporter) -> (artifact id: '90d519e6036a8e442455d6ed3b713cc7') in 0.0201207 seconds
Number of updated asset objects reloaded before import = 0Number of asset objects unloaded after import = 3

========================================================================
Received Import Request.
  Time since last request: 0.000031 seconds.
  path: Assets/Tile/Map_117.asset
  artifactKey: Guid(169574e07d21a3f4aa0a46fbb6aa0683) Importer(815301076,1909f56bfc062723c751e8b465ee728b)
Start importing Assets/Tile/Map_117.asset using Guid(169574e07d21a3f4aa0a46fbb6aa0683) Importer(815301076,1909f56bfc062723c751e8b465ee728b) (PreviewImporter) -> (artifact id: '49d06e4adc5bf4ebb8dc16f91998753f') in 0.0200502 seconds
Number of updated asset objects reloaded before import = 0Number of asset objects unloaded after import = 3

========================================================================
Received Import Request.
  Time since last request: 0.000030 seconds.
  path: Assets/Tile/Map_98.asset
  artifactKey: Guid(b666fce2bc56bea4e9510ab519a0e5c0) Importer(815301076,1909f56bfc062723c751e8b465ee728b)
Start importing Assets/Tile/Map_98.asset using Guid(b666fce2bc56bea4e9510ab519a0e5c0) Importer(815301076,1909f56bfc062723c751e8b465ee728b) (PreviewImporter) -> (artifact id: 'be1970026f7f2bde17137c5600ef2486') in 0.0218532 seconds
Number of updated asset objects reloaded before import = 0Number of asset objects unloaded after import = 3

========================================================================
Received Import Request.
  Time since last request: 0.000025 seconds.
  path: Assets/Tile/Map_111.asset
  artifactKey: Guid(f35a4ea352824d54f8a250f1c4a500d8) Importer(815301076,1909f56bfc062723c751e8b465ee728b)
Start importing Assets/Tile/Map_111.asset using Guid(f35a4ea352824d54f8a250f1c4a500d8) Importer(815301076,1909f56bfc062723c751e8b465ee728b) (PreviewImporter) -> (artifact id: '07d1b4bb2fad8c02e450584ef5ce5d85') in 0.0186762 seconds
Number of updated asset objects reloaded before import = 0Number of asset objects unloaded after import = 3

========================================================================
Received Import Request.
  Time since last request: 0.000051 seconds.
  path: Assets/Tile/Map_96.asset
  artifactKey: Guid(ad78784f3c8f56549a3b8ba765a57588) Importer(815301076,1909f56bfc062723c751e8b465ee728b)
Start importing Assets/Tile/Map_96.asset using Guid(ad78784f3c8f56549a3b8ba765a57588) Importer(815301076,1909f56bfc062723c751e8b465ee728b) (PreviewImporter) -> (artifact id: '797505c6d357ec4b8d89481da7424ee6') in 0.0309263 seconds
Number of updated asset objects reloaded before import = 0Number of asset objects unloaded after import = 3

========================================================================
Received Import Request.
  Time since last request: 0.000027 seconds.
  path: Assets/Tile/Map_121.asset
  artifactKey: Guid(c272d7880d55b734aa3bba41bf7a8126) Importer(815301076,1909f56bfc062723c751e8b465ee728b)
Start importing Assets/Tile/Map_121.asset using Guid(c272d7880d55b734aa3bba41bf7a8126) Importer(815301076,1909f56bfc062723c751e8b465ee728b) (PreviewImporter) -> (artifact id: '1b7721778f38ceaa7fb85f14161dba76') in 0.0200373 seconds
Number of updated asset objects reloaded before import = 0Number of asset objects unloaded after import = 3

========================================================================
Received Import Request.
  Time since last request: 0.000039 seconds.
  path: Assets/Tile/Map_114.asset
  artifactKey: Guid(d6cf4da8d614fe940bdea669ceca7bed) Importer(815301076,1909f56bfc062723c751e8b465ee728b)
Start importing Assets/Tile/Map_114.asset using Guid(d6cf4da8d614fe940bdea669ceca7bed) Importer(815301076,1909f56bfc062723c751e8b465ee728b) (PreviewImporter) -> (artifact id: '730f09a7f0f99b410c48d94a466d1f31') in 0.0063392 seconds
Number of updated asset objects reloaded before import = 0Number of asset objects unloaded after import = 3

========================================================================
Received Import Request.
  Time since last request: 0.000037 seconds.
  path: Assets/Tile/Map_101.asset
  artifactKey: Guid(fabaee209086ed24193abeea7be7579c) Importer(815301076,1909f56bfc062723c751e8b465ee728b)
Start importing Assets/Tile/Map_101.asset using Guid(fabaee209086ed24193abeea7be7579c) Importer(815301076,1909f56bfc062723c751e8b465ee728b) (PreviewImporter) -> (artifact id: '51148e6bf4eda7f0835545081cfb57e4') in 0.008799 seconds
Number of updated asset objects reloaded before import = 0Number of asset objects unloaded after import = 3

========================================================================
Received Import Request.
  Time since last request: 0.000044 seconds.
  path: Assets/Tile/Map_105.asset
  artifactKey: Guid(c1fb46f62e856254ea47584e08226d11) Importer(815301076,1909f56bfc062723c751e8b465ee728b)
Start importing Assets/Tile/Map_105.asset using Guid(c1fb46f62e856254ea47584e08226d11) Importer(815301076,1909f56bfc062723c751e8b465ee728b) (PreviewImporter) -> (artifact id: 'a9e2b8f0c59bdff71323e2cdcd557bd7') in 0.0233128 seconds
Number of updated asset objects reloaded before import = 0Number of asset objects unloaded after import = 3

========================================================================
Received Import Request.
  Time since last request: 0.000092 seconds.
  path: Assets/Tile/Map_124.asset
  artifactKey: Guid(f9f9e78a8dd888146b326ce935961d19) Importer(2089858483,b0f066a214c2f5e87bad3c948f4d605d)
Start importing Assets/Tile/Map_124.asset using Guid(f9f9e78a8dd888146b326ce935961d19) Importer(2089858483,b0f066a214c2f5e87bad3c948f4d605d) (ScriptedImporter) -> (artifact id: '5cf47355f17b4807256b04af0ba27fb2') in 0.2165494 seconds
Number of updated asset objects reloaded before import = 0Number of asset objects unloaded after import = 2

========================================================================
Received Import Request.
  Time since last request: 0.000041 seconds.
  path: Assets/Tile/Map_37.asset
  artifactKey: Guid(16b1cab9b85866d4582a0faf9b72f73e) Importer(2089858483,b0f066a214c2f5e87bad3c948f4d605d)
Start importing Assets/Tile/Map_37.asset using Guid(16b1cab9b85866d4582a0faf9b72f73e) Importer(2089858483,b0f066a214c2f5e87bad3c948f4d605d) (ScriptedImporter) -> (artifact id: 'c8194f6d0486f8fd19566b4b9680ead0') in 0.0215068 seconds
Number of updated asset objects reloaded before import = 0Number of asset objects unloaded after import = 2

========================================================================
Received Import Request.
  Time since last request: 0.000035 seconds.
  path: Assets/Tile/Map_126.asset
  artifactKey: Guid(61320080b498b8d4f8488f2345cf97d9) Importer(2089858483,b0f066a214c2f5e87bad3c948f4d605d)
Start importing Assets/Tile/Map_126.asset using Guid(61320080b498b8d4f8488f2345cf97d9) Importer(2089858483,b0f066a214c2f5e87bad3c948f4d605d) (ScriptedImporter) -> (artifact id: '053ddca38c0f9cb4790c851faf2746ca') in 0.0207393 seconds
Number of updated asset objects reloaded before import = 0Number of asset objects unloaded after import = 2

========================================================================
Received Import Request.
  Time since last request: 0.000025 seconds.
  path: Assets/Tile/Map_112.asset
  artifactKey: Guid(dccdef5046fa55e4fac1f151d821b88f) Importer(2089858483,b0f066a214c2f5e87bad3c948f4d605d)
Start importing Assets/Tile/Map_112.asset using Guid(dccdef5046fa55e4fac1f151d821b88f) Importer(2089858483,b0f066a214c2f5e87bad3c948f4d605d) (ScriptedImporter) -> (artifact id: 'ce17b031f7509a8fb12d89e53da9cd74') in 0.0214426 seconds
Number of updated asset objects reloaded before import = 0Number of asset objects unloaded after import = 2

========================================================================
Received Import Request.
  Time since last request: 0.000031 seconds.
  path: Assets/Tile/Map_40.asset
  artifactKey: Guid(1fd9815cb9af5f04a83fced441e79014) Importer(2089858483,b0f066a214c2f5e87bad3c948f4d605d)
Start importing Assets/Tile/Map_40.asset using Guid(1fd9815cb9af5f04a83fced441e79014) Importer(2089858483,b0f066a214c2f5e87bad3c948f4d605d) (ScriptedImporter) -> (artifact id: '7a63ed2c0e81e564601070841dad3861') in 0.0206518 seconds
Number of updated asset objects reloaded before import = 0Number of asset objects unloaded after import = 2

========================================================================
Received Import Request.
  Time since last request: 0.000026 seconds.
  path: Assets/Tile/Map_24.asset
  artifactKey: Guid(29b7e3d9f394cb944ba73bead8ac4b62) Importer(2089858483,b0f066a214c2f5e87bad3c948f4d605d)
Start importing Assets/Tile/Map_24.asset using Guid(29b7e3d9f394cb944ba73bead8ac4b62) Importer(2089858483,b0f066a214c2f5e87bad3c948f4d605d) (ScriptedImporter) -> (artifact id: '4cd52a0855c1de5af2b2de83881bde4d') in 0.0216438 seconds
Number of updated asset objects reloaded before import = 0Number of asset objects unloaded after import = 2

========================================================================
Received Import Request.
  Time since last request: 0.000022 seconds.
  path: Assets/Tile/New Tile Palette.prefab
  artifactKey: Guid(f64d7f4fd43f8324db5f65fd1ca6fbd2) Importer(2089858483,b0f066a214c2f5e87bad3c948f4d605d)
Start importing Assets/Tile/New Tile Palette.prefab using Guid(f64d7f4fd43f8324db5f65fd1ca6fbd2) Importer(2089858483,b0f066a214c2f5e87bad3c948f4d605d) (ScriptedImporter) -> (artifact id: 'e58daf64ae5b8f7fccfa2475e7d7c4eb') in 0.0514877 seconds
Number of updated asset objects reloaded before import = 0Number of asset objects unloaded after import = 10

========================================================================
Received Import Request.
  Time since last request: 0.000054 seconds.
  path: Assets/Tile/Map_46.asset
  artifactKey: Guid(61538cd53fc83e244ad0ef9d420e86de) Importer(2089858483,b0f066a214c2f5e87bad3c948f4d605d)
Start importing Assets/Tile/Map_46.asset using Guid(61538cd53fc83e244ad0ef9d420e86de) Importer(2089858483,b0f066a214c2f5e87bad3c948f4d605d) (ScriptedImporter) -> (artifact id: 'dba864b762e77b4f1c8872058024fff0') in 0.0406933 seconds
Number of updated asset objects reloaded before import = 0Number of asset objects unloaded after import = 2

========================================================================
Received Import Request.
  Time since last request: 0.000053 seconds.
  path: Assets/Tile/Map_122.asset
  artifactKey: Guid(e934a8232b0f1964291a4186b6f4ec4a) Importer(2089858483,b0f066a214c2f5e87bad3c948f4d605d)
Start importing Assets/Tile/Map_122.asset using Guid(e934a8232b0f1964291a4186b6f4ec4a) Importer(2089858483,b0f066a214c2f5e87bad3c948f4d605d) (ScriptedImporter) -> (artifact id: 'b0e33e4f0805a13f9042e8568f70f993') in 0.0397126 seconds
Number of updated asset objects reloaded before import = 0Number of asset objects unloaded after import = 2

========================================================================
Received Import Request.
  Time since last request: 0.000031 seconds.
  path: Assets/Tile/Map_53.asset
  artifactKey: Guid(9938a56aae75f1d488456c084603e032) Importer(2089858483,b0f066a214c2f5e87bad3c948f4d605d)
Start importing Assets/Tile/Map_53.asset using Guid(9938a56aae75f1d488456c084603e032) Importer(2089858483,b0f066a214c2f5e87bad3c948f4d605d) (ScriptedImporter) -> (artifact id: '7119ab32c639523a30281bb6af39e70f') in 0.0260254 seconds
Number of updated asset objects reloaded before import = 0Number of asset objects unloaded after import = 2

========================================================================
Received Import Request.
  Time since last request: 0.000022 seconds.
  path: Assets/Tile/Map_98.asset
  artifactKey: Guid(b666fce2bc56bea4e9510ab519a0e5c0) Importer(2089858483,b0f066a214c2f5e87bad3c948f4d605d)
Start importing Assets/Tile/Map_98.asset using Guid(b666fce2bc56bea4e9510ab519a0e5c0) Importer(2089858483,b0f066a214c2f5e87bad3c948f4d605d) (ScriptedImporter) -> (artifact id: 'c3fbbc4b21ce707460895fe0541db403') in 0.021673 seconds
Number of updated asset objects reloaded before import = 0Number of asset objects unloaded after import = 2

========================================================================
Received Import Request.
  Time since last request: 0.000027 seconds.
  path: Assets/Tile/Map_22.asset
  artifactKey: Guid(3bbe1241d12cd3c4fbd7ece7f5ff1d21) Importer(2089858483,b0f066a214c2f5e87bad3c948f4d605d)
Start importing Assets/Tile/Map_22.asset using Guid(3bbe1241d12cd3c4fbd7ece7f5ff1d21) Importer(2089858483,b0f066a214c2f5e87bad3c948f4d605d) (ScriptedImporter) -> (artifact id: '6f6e18976dd96c37c65b4af4326757c4') in 0.0233006 seconds
Number of updated asset objects reloaded before import = 0Number of asset objects unloaded after import = 2

========================================================================
Received Import Request.
  Time since last request: 0.000027 seconds.
  path: Assets/Tile/Map_114.asset
  artifactKey: Guid(d6cf4da8d614fe940bdea669ceca7bed) Importer(2089858483,b0f066a214c2f5e87bad3c948f4d605d)
Start importing Assets/Tile/Map_114.asset using Guid(d6cf4da8d614fe940bdea669ceca7bed) Importer(2089858483,b0f066a214c2f5e87bad3c948f4d605d) (ScriptedImporter) -> (artifact id: '9df2cd3f72c4ca593b0ab788d255361e') in 0.0223324 seconds
Number of updated asset objects reloaded before import = 0Number of asset objects unloaded after import = 2

========================================================================
Received Import Request.
  Time since last request: 0.000028 seconds.
  path: Assets/Tile/Map_97.asset
  artifactKey: Guid(e43d47f7729d2cd4f9f20209f230317c) Importer(2089858483,b0f066a214c2f5e87bad3c948f4d605d)
Start importing Assets/Tile/Map_97.asset using Guid(e43d47f7729d2cd4f9f20209f230317c) Importer(2089858483,b0f066a214c2f5e87bad3c948f4d605d) (ScriptedImporter) -> (artifact id: '4db9270e126754f1383bba576211e779') in 0.0221614 seconds
Number of updated asset objects reloaded before import = 0Number of asset objects unloaded after import = 2

========================================================================
Received Import Request.
  Time since last request: 0.000034 seconds.
  path: Assets/Tile/Map_4.asset
  artifactKey: Guid(c552b80c6ecb81d42933460ad95f430d) Importer(2089858483,b0f066a214c2f5e87bad3c948f4d605d)
Start importing Assets/Tile/Map_4.asset using Guid(c552b80c6ecb81d42933460ad95f430d) Importer(2089858483,b0f066a214c2f5e87bad3c948f4d605d) (ScriptedImporter) -> (artifact id: 'e9b75a578c9f975ebe96b0de0d99a63b') in 0.0349763 seconds
Number of updated asset objects reloaded before import = 0Number of asset objects unloaded after import = 2

========================================================================
Received Import Request.
  Time since last request: 0.000207 seconds.
  path: Assets/Tile/Map_52.asset
  artifactKey: Guid(5d78fc446ab174349b21fc4992648b0f) Importer(2089858483,b0f066a214c2f5e87bad3c948f4d605d)
Start importing Assets/Tile/Map_52.asset using Guid(5d78fc446ab174349b21fc4992648b0f) Importer(2089858483,b0f066a214c2f5e87bad3c948f4d605d) (ScriptedImporter) -> (artifact id: '574f10f049c6500f8b036218c27cc773') in 0.0279864 seconds
Number of updated asset objects reloaded before import = 0Number of asset objects unloaded after import = 2

========================================================================
Received Import Request.
  Time since last request: 0.000039 seconds.
  path: Assets/Tile/Map_11.asset
  artifactKey: Guid(83cb4e359e0516e4ea3ad6c4becf0dd7) Importer(2089858483,b0f066a214c2f5e87bad3c948f4d605d)
Start importing Assets/Tile/Map_11.asset using Guid(83cb4e359e0516e4ea3ad6c4becf0dd7) Importer(2089858483,b0f066a214c2f5e87bad3c948f4d605d) (ScriptedImporter) -> (artifact id: 'b5519e7da71d23ad4dc0513b70047165') in 0.0192758 seconds
Number of updated asset objects reloaded before import = 0Number of asset objects unloaded after import = 2

========================================================================
Received Import Request.
  Time since last request: 0.000027 seconds.
  path: Assets/Tile/Map_116.asset
  artifactKey: Guid(49457d53818234547901bc5f26082fa0) Importer(2089858483,b0f066a214c2f5e87bad3c948f4d605d)
Start importing Assets/Tile/Map_116.asset using Guid(49457d53818234547901bc5f26082fa0) Importer(2089858483,b0f066a214c2f5e87bad3c948f4d605d) (ScriptedImporter) -> (artifact id: '7e425359c16b3790eaa03b7cd4674417') in 0.0259504 seconds
Number of updated asset objects reloaded before import = 0Number of asset objects unloaded after import = 2

========================================================================
Received Import Request.
  Time since last request: 0.000018 seconds.
  path: Assets/Tile/Map_91.asset
  artifactKey: Guid(7d3bb355b19358146a238b29769aadad) Importer(2089858483,b0f066a214c2f5e87bad3c948f4d605d)
Start importing Assets/Tile/Map_91.asset using Guid(7d3bb355b19358146a238b29769aadad) Importer(2089858483,b0f066a214c2f5e87bad3c948f4d605d) (ScriptedImporter) -> (artifact id: '5f2e9c9286ef2a0157db7f7b73d05ce5') in 0.0259042 seconds
Number of updated asset objects reloaded before import = 0Number of asset objects unloaded after import = 2

========================================================================
Received Import Request.
  Time since last request: 0.000025 seconds.
  path: Assets/Tile/Map_92.asset
  artifactKey: Guid(2ee408e53d3c8f1489ba41a82b1e1f73) Importer(2089858483,b0f066a214c2f5e87bad3c948f4d605d)
Start importing Assets/Tile/Map_92.asset using Guid(2ee408e53d3c8f1489ba41a82b1e1f73) Importer(2089858483,b0f066a214c2f5e87bad3c948f4d605d) (ScriptedImporter) -> (artifact id: 'd7489d9221d79e9f8cdcd21887d58f17') in 0.0229596 seconds
Number of updated asset objects reloaded before import = 0Number of asset objects unloaded after import = 2

========================================================================
Received Import Request.
  Time since last request: 0.000047 seconds.
  path: Assets/Tile/Map_66.asset
  artifactKey: Guid(26ed172ba6cd489489143e2ef88cf694) Importer(2089858483,b0f066a214c2f5e87bad3c948f4d605d)
Start importing Assets/Tile/Map_66.asset using Guid(26ed172ba6cd489489143e2ef88cf694) Importer(2089858483,b0f066a214c2f5e87bad3c948f4d605d) (ScriptedImporter) -> (artifact id: '853fe3b29f2897d3f04cc682a3ac00b3') in 0.0258536 seconds
Number of updated asset objects reloaded before import = 0Number of asset objects unloaded after import = 2

========================================================================
Received Import Request.
  Time since last request: 0.000024 seconds.
  path: Assets/Tile/Map_8.asset
  artifactKey: Guid(83e0912b16f9618428204e424cb55c9d) Importer(2089858483,b0f066a214c2f5e87bad3c948f4d605d)
Start importing Assets/Tile/Map_8.asset using Guid(83e0912b16f9618428204e424cb55c9d) Importer(2089858483,b0f066a214c2f5e87bad3c948f4d605d) (ScriptedImporter) -> (artifact id: '936869c2df1192d930d9dcbe17950b6e') in 0.0331826 seconds
Number of updated asset objects reloaded before import = 0Number of asset objects unloaded after import = 2

========================================================================
Received Import Request.
  Time since last request: 0.000057 seconds.
  path: Assets/Tile/Map_68.asset
  artifactKey: Guid(49353b7c77a5dea47aef0744d8712de1) Importer(2089858483,b0f066a214c2f5e87bad3c948f4d605d)
Start importing Assets/Tile/Map_68.asset using Guid(49353b7c77a5dea47aef0744d8712de1) Importer(2089858483,b0f066a214c2f5e87bad3c948f4d605d) (ScriptedImporter) -> (artifact id: '5dc67256c6bda4b5de54949942df0281') in 0.0516722 seconds
Number of updated asset objects reloaded before import = 0Number of asset objects unloaded after import = 2

========================================================================
Received Import Request.
  Time since last request: 0.000036 seconds.
  path: Assets/Tile/Map_1.asset
  artifactKey: Guid(561f06ef583e57d488f1e1b6ae171c2d) Importer(2089858483,b0f066a214c2f5e87bad3c948f4d605d)
Start importing Assets/Tile/Map_1.asset using Guid(561f06ef583e57d488f1e1b6ae171c2d) Importer(2089858483,b0f066a214c2f5e87bad3c948f4d605d) (ScriptedImporter) -> (artifact id: 'c7d7a8b4152a27adea0b323c30288eb8') in 0.0199955 seconds
Number of updated asset objects reloaded before import = 0Number of asset objects unloaded after import = 2

========================================================================
Received Import Request.
  Time since last request: 0.000017 seconds.
  path: Assets/Tile/Map_44.asset
  artifactKey: Guid(60f8d657f3bf5dc4aa21bb61b2e19021) Importer(2089858483,b0f066a214c2f5e87bad3c948f4d605d)
Start importing Assets/Tile/Map_44.asset using Guid(60f8d657f3bf5dc4aa21bb61b2e19021) Importer(2089858483,b0f066a214c2f5e87bad3c948f4d605d) (ScriptedImporter) -> (artifact id: '48c0bf83a77437df34ed866dd944715c') in 0.0192101 seconds
Number of updated asset objects reloaded before import = 0Number of asset objects unloaded after import = 2

========================================================================
Received Import Request.
  Time since last request: 0.000030 seconds.
  path: Assets/Tile/Map_28.asset
  artifactKey: Guid(04120367db059a144a0bfc74b875c47f) Importer(2089858483,b0f066a214c2f5e87bad3c948f4d605d)
Start importing Assets/Tile/Map_28.asset using Guid(04120367db059a144a0bfc74b875c47f) Importer(2089858483,b0f066a214c2f5e87bad3c948f4d605d) (ScriptedImporter) -> (artifact id: '9704d22e257e32389c104b6e4b8fb8f9') in 0.0221901 seconds
Number of updated asset objects reloaded before import = 0Number of asset objects unloaded after import = 2

========================================================================
Received Import Request.
  Time since last request: 0.000023 seconds.
  path: Assets/Tile/Map_17.asset
  artifactKey: Guid(7e0c2ddcc2f5a6748b277eea63c14c4e) Importer(2089858483,b0f066a214c2f5e87bad3c948f4d605d)
Start importing Assets/Tile/Map_17.asset using Guid(7e0c2ddcc2f5a6748b277eea63c14c4e) Importer(2089858483,b0f066a214c2f5e87bad3c948f4d605d) (ScriptedImporter) -> (artifact id: '20f0d0b5e5d4a461d76ec3a88924720b') in 0.0283857 seconds
Number of updated asset objects reloaded before import = 0Number of asset objects unloaded after import = 2

========================================================================
Received Import Request.
  Time since last request: 0.000026 seconds.
  path: Assets/Tile/Map_38.asset
  artifactKey: Guid(4d5fe6f2d138d6e4a8cf86b5917f465e) Importer(2089858483,b0f066a214c2f5e87bad3c948f4d605d)
Start importing Assets/Tile/Map_38.asset using Guid(4d5fe6f2d138d6e4a8cf86b5917f465e) Importer(2089858483,b0f066a214c2f5e87bad3c948f4d605d) (ScriptedImporter) -> (artifact id: '07a004eb3d142bcc186c11160370f6df') in 0.0208466 seconds
Number of updated asset objects reloaded before import = 0Number of asset objects unloaded after import = 2

========================================================================
Received Import Request.
  Time since last request: 0.000025 seconds.
  path: Assets/Tile/Map_5.asset
  artifactKey: Guid(14a299f3d953b214bae5b519ff517615) Importer(2089858483,b0f066a214c2f5e87bad3c948f4d605d)
Start importing Assets/Tile/Map_5.asset using Guid(14a299f3d953b214bae5b519ff517615) Importer(2089858483,b0f066a214c2f5e87bad3c948f4d605d) (ScriptedImporter) -> (artifact id: 'fa9e94a8eb37e6fe499d90b8cc72ea6d') in 0.0213256 seconds
Number of updated asset objects reloaded before import = 0Number of asset objects unloaded after import = 2

========================================================================
Received Import Request.
  Time since last request: 0.000029 seconds.
  path: Assets/Tile/Map_39.asset
  artifactKey: Guid(6c92b0978f54b314393144ec2fbadd73) Importer(2089858483,b0f066a214c2f5e87bad3c948f4d605d)
Start importing Assets/Tile/Map_39.asset using Guid(6c92b0978f54b314393144ec2fbadd73) Importer(2089858483,b0f066a214c2f5e87bad3c948f4d605d) (ScriptedImporter) -> (artifact id: '109b15a8f4ef02b36f4cb2d13313e165') in 0.0206877 seconds
Number of updated asset objects reloaded before import = 0Number of asset objects unloaded after import = 2

========================================================================
Received Import Request.
  Time since last request: 0.000022 seconds.
  path: Assets/Tile/Map_121.asset
  artifactKey: Guid(c272d7880d55b734aa3bba41bf7a8126) Importer(2089858483,b0f066a214c2f5e87bad3c948f4d605d)
Start importing Assets/Tile/Map_121.asset using Guid(c272d7880d55b734aa3bba41bf7a8126) Importer(2089858483,b0f066a214c2f5e87bad3c948f4d605d) (ScriptedImporter) -> (artifact id: '2d8eb38241aa0921b9e9bb46a9eb42dd') in 0.0219799 seconds
Number of updated asset objects reloaded before import = 0Number of asset objects unloaded after import = 2

========================================================================
Received Import Request.
  Time since last request: 0.000024 seconds.
  path: Assets/Tile/Map_15.asset
  artifactKey: Guid(98a02bca616a0a34796d891e76afc360) Importer(2089858483,b0f066a214c2f5e87bad3c948f4d605d)
Start importing Assets/Tile/Map_15.asset using Guid(98a02bca616a0a34796d891e76afc360) Importer(2089858483,b0f066a214c2f5e87bad3c948f4d605d) (ScriptedImporter) -> (artifact id: '13ea895e70665b4855e4d1fd759ba4d5') in 0.0181709 seconds
Number of updated asset objects reloaded before import = 0Number of asset objects unloaded after import = 2

========================================================================
Received Import Request.
  Time since last request: 0.000023 seconds.
  path: Assets/Tile/Map_103.asset
  artifactKey: Guid(3ad16d30f82c88a4e88b13a8d5b11d09) Importer(2089858483,b0f066a214c2f5e87bad3c948f4d605d)
Start importing Assets/Tile/Map_103.asset using Guid(3ad16d30f82c88a4e88b13a8d5b11d09) Importer(2089858483,b0f066a214c2f5e87bad3c948f4d605d) (ScriptedImporter) -> (artifact id: 'ad61d4c0f3f741217ad2935cb7c5735f') in 0.0222861 seconds
Number of updated asset objects reloaded before import = 0Number of asset objects unloaded after import = 2

========================================================================
Received Import Request.
  Time since last request: 0.000030 seconds.
  path: Assets/Tile/Map_2.asset
  artifactKey: Guid(4673f990939841d4ab9bd3f8689aa7f1) Importer(2089858483,b0f066a214c2f5e87bad3c948f4d605d)
Start importing Assets/Tile/Map_2.asset using Guid(4673f990939841d4ab9bd3f8689aa7f1) Importer(2089858483,b0f066a214c2f5e87bad3c948f4d605d) (ScriptedImporter) -> (artifact id: '257a97256715eea16ca6a3af5153800d') in 0.0236895 seconds
Number of updated asset objects reloaded before import = 0Number of asset objects unloaded after import = 2

========================================================================
Received Import Request.
  Time since last request: 0.000023 seconds.
  path: Assets/Tile/Map_6.asset
  artifactKey: Guid(ff2c61d15f40b5240b56a24b7fcd6870) Importer(2089858483,b0f066a214c2f5e87bad3c948f4d605d)
Start importing Assets/Tile/Map_6.asset using Guid(ff2c61d15f40b5240b56a24b7fcd6870) Importer(2089858483,b0f066a214c2f5e87bad3c948f4d605d) (ScriptedImporter) -> (artifact id: '297a77f40c5d60e6e30d64349c091a1a') in 0.0227327 seconds
Number of updated asset objects reloaded before import = 0Number of asset objects unloaded after import = 2

========================================================================
Received Import Request.
  Time since last request: 0.000029 seconds.
  path: Assets/Tile/Map_71.asset
  artifactKey: Guid(13d27c3f8330c3f479f6d1f665e9831c) Importer(2089858483,b0f066a214c2f5e87bad3c948f4d605d)
Start importing Assets/Tile/Map_71.asset using Guid(13d27c3f8330c3f479f6d1f665e9831c) Importer(2089858483,b0f066a214c2f5e87bad3c948f4d605d) (ScriptedImporter) -> (artifact id: '17b7fd11f7b21db32b1ce0ee5311c382') in 0.0198271 seconds
Number of updated asset objects reloaded before import = 0Number of asset objects unloaded after import = 2

========================================================================
Received Import Request.
  Time since last request: 0.000023 seconds.
  path: Assets/Tile/Map_34.asset
  artifactKey: Guid(143c844b0aef5a449bcc899a6d0bc7bc) Importer(2089858483,b0f066a214c2f5e87bad3c948f4d605d)
Start importing Assets/Tile/Map_34.asset using Guid(143c844b0aef5a449bcc899a6d0bc7bc) Importer(2089858483,b0f066a214c2f5e87bad3c948f4d605d) (ScriptedImporter) -> (artifact id: '20acace43c46149cc9ec4132f61a3445') in 0.0210545 seconds
Number of updated asset objects reloaded before import = 0Number of asset objects unloaded after import = 2

========================================================================
Received Import Request.
  Time since last request: 0.000028 seconds.
  path: Assets/Tile/Map_58.asset
  artifactKey: Guid(94fafde6774661242b603228bf0535db) Importer(2089858483,b0f066a214c2f5e87bad3c948f4d605d)
Start importing Assets/Tile/Map_58.asset using Guid(94fafde6774661242b603228bf0535db) Importer(2089858483,b0f066a214c2f5e87bad3c948f4d605d) (ScriptedImporter) -> (artifact id: '86ca5103f5a57ac19a53a7f9bd33423c') in 0.0188117 seconds
Number of updated asset objects reloaded before import = 0Number of asset objects unloaded after import = 2

========================================================================
Received Import Request.
  Time since last request: 0.000037 seconds.
  path: Assets/Tile/Map_70.asset
  artifactKey: Guid(9b7ed263d04258d408ccee21e6749186) Importer(2089858483,b0f066a214c2f5e87bad3c948f4d605d)
Start importing Assets/Tile/Map_70.asset using Guid(9b7ed263d04258d408ccee21e6749186) Importer(2089858483,b0f066a214c2f5e87bad3c948f4d605d) (ScriptedImporter) -> (artifact id: '36e2d1e8ebfa70c94be193a5e88015ae') in 0.0231822 seconds
Number of updated asset objects reloaded before import = 0Number of asset objects unloaded after import = 2

========================================================================
Received Import Request.
  Time since last request: 0.000021 seconds.
  path: Assets/Tile/Map_111.asset
  artifactKey: Guid(f35a4ea352824d54f8a250f1c4a500d8) Importer(2089858483,b0f066a214c2f5e87bad3c948f4d605d)
Start importing Assets/Tile/Map_111.asset using Guid(f35a4ea352824d54f8a250f1c4a500d8) Importer(2089858483,b0f066a214c2f5e87bad3c948f4d605d) (ScriptedImporter) -> (artifact id: 'a86f95e5b94295006f574266ce3f3df6') in 0.0211852 seconds
Number of updated asset objects reloaded before import = 0Number of asset objects unloaded after import = 2

========================================================================
Received Import Request.
  Time since last request: 0.000029 seconds.
  path: Assets/Tile/Map_113.asset
  artifactKey: Guid(0593fd20a3db5cc46b1e1d7c71084eb6) Importer(815301076,1909f56bfc062723c751e8b465ee728b)
Start importing Assets/Tile/Map_113.asset using Guid(0593fd20a3db5cc46b1e1d7c71084eb6) Importer(815301076,1909f56bfc062723c751e8b465ee728b) (PreviewImporter) -> (artifact id: 'b01c55411103a01d189e1bbb4e4f7ea1') in 0.0203892 seconds
Number of updated asset objects reloaded before import = 0Number of asset objects unloaded after import = 3

========================================================================
Received Import Request.
  Time since last request: 0.000021 seconds.
  path: Assets/Tile/Map_57.asset
  artifactKey: Guid(ccc9b6f8998f44a4e96910ab3bb31a8d) Importer(2089858483,b0f066a214c2f5e87bad3c948f4d605d)
Start importing Assets/Tile/Map_57.asset using Guid(ccc9b6f8998f44a4e96910ab3bb31a8d) Importer(2089858483,b0f066a214c2f5e87bad3c948f4d605d) (ScriptedImporter) -> (artifact id: 'f6dfe1126502262c5529ff62ef3e2fdf') in 0.0228281 seconds
Number of updated asset objects reloaded before import = 0Number of asset objects unloaded after import = 2

========================================================================
Received Import Request.
  Time since last request: 0.000056 seconds.
  path: Assets/Tile/Map_107.asset
  artifactKey: Guid(73ed53efe190506469e709ab2a1b5cfd) Importer(2089858483,b0f066a214c2f5e87bad3c948f4d605d)
Start importing Assets/Tile/Map_107.asset using Guid(73ed53efe190506469e709ab2a1b5cfd) Importer(2089858483,b0f066a214c2f5e87bad3c948f4d605d) (ScriptedImporter) -> (artifact id: '561db6ed1ac97b3c9ea3254890ab8cb0') in 0.0248147 seconds
Number of updated asset objects reloaded before import = 0Number of asset objects unloaded after import = 2

========================================================================
Received Import Request.
  Time since last request: 0.000038 seconds.
  path: Assets/Tile/Map_89.asset
  artifactKey: Guid(bb232266cb3d6924a97e64a251426c16) Importer(2089858483,b0f066a214c2f5e87bad3c948f4d605d)
Start importing Assets/Tile/Map_89.asset using Guid(bb232266cb3d6924a97e64a251426c16) Importer(2089858483,b0f066a214c2f5e87bad3c948f4d605d) (ScriptedImporter) -> (artifact id: 'ff4e15617681cb7240c316896fa8dd54') in 0.0233632 seconds
Number of updated asset objects reloaded before import = 0Number of asset objects unloaded after import = 2

========================================================================
Received Import Request.
  Time since last request: 0.000026 seconds.
  path: Assets/Tile/Map_9.asset
  artifactKey: Guid(2d112d0d4c45c704eabe255f9d12517f) Importer(2089858483,b0f066a214c2f5e87bad3c948f4d605d)
Start importing Assets/Tile/Map_9.asset using Guid(2d112d0d4c45c704eabe255f9d12517f) Importer(2089858483,b0f066a214c2f5e87bad3c948f4d605d) (ScriptedImporter) -> (artifact id: 'adbc2af16ef196e15c2abd08de4cf0cb') in 0.0232207 seconds
Number of updated asset objects reloaded before import = 0Number of asset objects unloaded after import = 2

========================================================================
Received Import Request.
  Time since last request: 0.000021 seconds.
  path: Assets/Tile/Map_99.asset
  artifactKey: Guid(f1d15ef3562f5fc48ac69886dac36074) Importer(2089858483,b0f066a214c2f5e87bad3c948f4d605d)
Start importing Assets/Tile/Map_99.asset using Guid(f1d15ef3562f5fc48ac69886dac36074) Importer(2089858483,b0f066a214c2f5e87bad3c948f4d605d) (ScriptedImporter) -> (artifact id: 'ce4d1480dd86d85fb865f27b37e940ca') in 0.0202174 seconds
Number of updated asset objects reloaded before import = 0Number of asset objects unloaded after import = 2

========================================================================
Received Import Request.
  Time since last request: 0.000020 seconds.
  path: Assets/Tile/Map_63.asset
  artifactKey: Guid(641269d022c52e24cbee825735e9c125) Importer(2089858483,b0f066a214c2f5e87bad3c948f4d605d)
Start importing Assets/Tile/Map_63.asset using Guid(641269d022c52e24cbee825735e9c125) Importer(2089858483,b0f066a214c2f5e87bad3c948f4d605d) (ScriptedImporter) -> (artifact id: 'b2a0891b158dbe576a6cd5f029962da1') in 0.0207039 seconds
Number of updated asset objects reloaded before import = 0Number of asset objects unloaded after import = 2

========================================================================
Received Import Request.
  Time since last request: 0.000023 seconds.
  path: Assets/Tile/Map_29.asset
  artifactKey: Guid(f5081fd63d0a24649a8c030deb083ca6) Importer(2089858483,b0f066a214c2f5e87bad3c948f4d605d)
Start importing Assets/Tile/Map_29.asset using Guid(f5081fd63d0a24649a8c030deb083ca6) Importer(2089858483,b0f066a214c2f5e87bad3c948f4d605d) (ScriptedImporter) -> (artifact id: '4d6467c3f3b8d9e1818cf7b84b03df42') in 0.0243507 seconds
Number of updated asset objects reloaded before import = 0Number of asset objects unloaded after import = 2

========================================================================
Received Import Request.
  Time since last request: 0.000049 seconds.
  path: Assets/Tile/Map_32.asset
  artifactKey: Guid(4114a0e294751fc43aecf0ba9a0d8d26) Importer(2089858483,b0f066a214c2f5e87bad3c948f4d605d)
Start importing Assets/Tile/Map_32.asset using Guid(4114a0e294751fc43aecf0ba9a0d8d26) Importer(2089858483,b0f066a214c2f5e87bad3c948f4d605d) (ScriptedImporter) -> (artifact id: 'fa8e4ade99885bd26ba1b580fd44ba67') in 0.0257865 seconds
Number of updated asset objects reloaded before import = 0Number of asset objects unloaded after import = 2

========================================================================
Received Import Request.
  Time since last request: 0.000022 seconds.
  path: Assets/Tile/Map_75.asset
  artifactKey: Guid(b165a792c61a8034bb1d589f0e3cf460) Importer(2089858483,b0f066a214c2f5e87bad3c948f4d605d)
Start importing Assets/Tile/Map_75.asset using Guid(b165a792c61a8034bb1d589f0e3cf460) Importer(2089858483,b0f066a214c2f5e87bad3c948f4d605d) (ScriptedImporter) -> (artifact id: '44c860591d2bed824f39dc632ac280c8') in 0.0211519 seconds
Number of updated asset objects reloaded before import = 0Number of asset objects unloaded after import = 2

========================================================================
Received Import Request.
  Time since last request: 0.000023 seconds.
  path: Assets/Tile/Map_79.asset
  artifactKey: Guid(7bfee16c324df0b48b994053eeba49dd) Importer(2089858483,b0f066a214c2f5e87bad3c948f4d605d)
Start importing Assets/Tile/Map_79.asset using Guid(7bfee16c324df0b48b994053eeba49dd) Importer(2089858483,b0f066a214c2f5e87bad3c948f4d605d) (ScriptedImporter) -> (artifact id: 'af7fc08f122f2f1c14dc9400fa1ef19b') in 0.0229304 seconds
Number of updated asset objects reloaded before import = 0Number of asset objects unloaded after import = 2

========================================================================
Received Import Request.
  Time since last request: 0.000022 seconds.
  path: Assets/Tile/Map_7.asset
  artifactKey: Guid(7db8e355f0889b94f887b89dc91897b3) Importer(2089858483,b0f066a214c2f5e87bad3c948f4d605d)
Start importing Assets/Tile/Map_7.asset using Guid(7db8e355f0889b94f887b89dc91897b3) Importer(2089858483,b0f066a214c2f5e87bad3c948f4d605d) (ScriptedImporter) -> (artifact id: '9e1582ffcebd89c620d378bb6c639dc0') in 0.0213405 seconds
Number of updated asset objects reloaded before import = 0Number of asset objects unloaded after import = 2

========================================================================
Received Import Request.
  Time since last request: 0.000026 seconds.
  path: Assets/Tile/Map_123.asset
  artifactKey: Guid(7ff14a829e1bf1f448f1407a3d2693f6) Importer(2089858483,b0f066a214c2f5e87bad3c948f4d605d)
Start importing Assets/Tile/Map_123.asset using Guid(7ff14a829e1bf1f448f1407a3d2693f6) Importer(2089858483,b0f066a214c2f5e87bad3c948f4d605d) (ScriptedImporter) -> (artifact id: 'c3f5245b7c40406d51d8a678f06c58d2') in 0.0198944 seconds
Number of updated asset objects reloaded before import = 0Number of asset objects unloaded after import = 2

========================================================================
Received Import Request.
  Time since last request: 0.000029 seconds.
  path: Assets/Tile/Map_54.asset
  artifactKey: Guid(e14df1338df851243b1bd4a6d9480079) Importer(2089858483,b0f066a214c2f5e87bad3c948f4d605d)
Start importing Assets/Tile/Map_54.asset using Guid(e14df1338df851243b1bd4a6d9480079) Importer(2089858483,b0f066a214c2f5e87bad3c948f4d605d) (ScriptedImporter) -> (artifact id: 'f563520de1c892a2abc526b23e965886') in 0.0225883 seconds
Number of updated asset objects reloaded before import = 0Number of asset objects unloaded after import = 2

========================================================================
Received Import Request.
  Time since last request: 0.000020 seconds.
  path: Assets/Tile/Map_41.asset
  artifactKey: Guid(35d7c3b6fd740fd48870aaedfd46e322) Importer(2089858483,b0f066a214c2f5e87bad3c948f4d605d)
Start importing Assets/Tile/Map_41.asset using Guid(35d7c3b6fd740fd48870aaedfd46e322) Importer(2089858483,b0f066a214c2f5e87bad3c948f4d605d) (ScriptedImporter) -> (artifact id: 'fed7e147cf00ff3c9cacecb39eeb9479') in 0.0198642 seconds
Number of updated asset objects reloaded before import = 0Number of asset objects unloaded after import = 2

========================================================================
Received Import Request.
  Time since last request: 0.000023 seconds.
  path: Assets/Tile/Map_119.asset
  artifactKey: Guid(3f83729fa121cc84c87baa1ffe760bae) Importer(2089858483,b0f066a214c2f5e87bad3c948f4d605d)
Start importing Assets/Tile/Map_119.asset using Guid(3f83729fa121cc84c87baa1ffe760bae) Importer(2089858483,b0f066a214c2f5e87bad3c948f4d605d) (ScriptedImporter) -> (artifact id: '179ce76c854811555454dae7f8b7133e') in 0.0181336 seconds
Number of updated asset objects reloaded before import = 0Number of asset objects unloaded after import = 2

========================================================================
Received Import Request.
  Time since last request: 0.000019 seconds.
  path: Assets/Tile/Map_101.asset
  artifactKey: Guid(fabaee209086ed24193abeea7be7579c) Importer(2089858483,b0f066a214c2f5e87bad3c948f4d605d)
Start importing Assets/Tile/Map_101.asset using Guid(fabaee209086ed24193abeea7be7579c) Importer(2089858483,b0f066a214c2f5e87bad3c948f4d605d) (ScriptedImporter) -> (artifact id: '20474c33ce5b51505ec5eafd5e56855c') in 0.0193941 seconds
Number of updated asset objects reloaded before import = 0Number of asset objects unloaded after import = 2

========================================================================
Received Import Request.
  Time since last request: 0.000021 seconds.
  path: Assets/Tile/Map_88.asset
  artifactKey: Guid(ed6c6a5aba53cf84daf856d93b49ab8e) Importer(2089858483,b0f066a214c2f5e87bad3c948f4d605d)
Start importing Assets/Tile/Map_88.asset using Guid(ed6c6a5aba53cf84daf856d93b49ab8e) Importer(2089858483,b0f066a214c2f5e87bad3c948f4d605d) (ScriptedImporter) -> (artifact id: '0b1df785c0eb7bd94fbcc03b7f0b6fbb') in 0.0199891 seconds
Number of updated asset objects reloaded before import = 0Number of asset objects unloaded after import = 2

========================================================================
Received Import Request.
  Time since last request: 0.000027 seconds.
  path: Assets/Tile/Map_109.asset
  artifactKey: Guid(8e698dfb72560094b91b092186a99e88) Importer(2089858483,b0f066a214c2f5e87bad3c948f4d605d)
Start importing Assets/Tile/Map_109.asset using Guid(8e698dfb72560094b91b092186a99e88) Importer(2089858483,b0f066a214c2f5e87bad3c948f4d605d) (ScriptedImporter) -> (artifact id: '02f151b3fa04cfd9f205265f40754f1d') in 0.0224652 seconds
Number of updated asset objects reloaded before import = 0Number of asset objects unloaded after import = 2

========================================================================
Received Import Request.
  Time since last request: 0.000029 seconds.
  path: Assets/Tile/Map_104.asset
  artifactKey: Guid(a7fd6d3bbc9cf554f892fcc97e00085f) Importer(2089858483,b0f066a214c2f5e87bad3c948f4d605d)
Start importing Assets/Tile/Map_104.asset using Guid(a7fd6d3bbc9cf554f892fcc97e00085f) Importer(2089858483,b0f066a214c2f5e87bad3c948f4d605d) (ScriptedImporter) -> (artifact id: 'f913e883f09a575232b03de943a1aa71') in 0.0180714 seconds
Number of updated asset objects reloaded before import = 0Number of asset objects unloaded after import = 2

========================================================================
Received Import Request.
  Time since last request: 0.000019 seconds.
  path: Assets/Tile/Map_81.asset
  artifactKey: Guid(8dd600c978d13a64784532b67d8af3c7) Importer(2089858483,b0f066a214c2f5e87bad3c948f4d605d)
Start importing Assets/Tile/Map_81.asset using Guid(8dd600c978d13a64784532b67d8af3c7) Importer(2089858483,b0f066a214c2f5e87bad3c948f4d605d) (ScriptedImporter) -> (artifact id: '61d0c1a95b4969b6d7b3aa111072f0b9') in 0.0214393 seconds
Number of updated asset objects reloaded before import = 0Number of asset objects unloaded after import = 2

========================================================================
Received Import Request.
  Time since last request: 0.000023 seconds.
  path: Assets/Tile/Map_65.asset
  artifactKey: Guid(72f79edd6c4de7945bb4e133d0577365) Importer(2089858483,b0f066a214c2f5e87bad3c948f4d605d)
Start importing Assets/Tile/Map_65.asset using Guid(72f79edd6c4de7945bb4e133d0577365) Importer(2089858483,b0f066a214c2f5e87bad3c948f4d605d) (ScriptedImporter) -> (artifact id: '459013b37227ea514c7b79a8b46facda') in 0.0215011 seconds
Number of updated asset objects reloaded before import = 0Number of asset objects unloaded after import = 2

========================================================================
Received Import Request.
  Time since last request: 0.000021 seconds.
  path: Assets/Tile/Map_47.asset
  artifactKey: Guid(94bdd351e488a9b46833127c28f65b38) Importer(2089858483,b0f066a214c2f5e87bad3c948f4d605d)
Start importing Assets/Tile/Map_47.asset using Guid(94bdd351e488a9b46833127c28f65b38) Importer(2089858483,b0f066a214c2f5e87bad3c948f4d605d) (ScriptedImporter) -> (artifact id: '87525c5ebe314a26315b24edb9c93570') in 0.0209277 seconds
Number of updated asset objects reloaded before import = 0Number of asset objects unloaded after import = 2

========================================================================
Received Import Request.
  Time since last request: 0.000029 seconds.
  path: Assets/Tile/Map_77.asset
  artifactKey: Guid(22016ef535a84ea4a8f188706a8cb0f0) Importer(2089858483,b0f066a214c2f5e87bad3c948f4d605d)
Start importing Assets/Tile/Map_77.asset using Guid(22016ef535a84ea4a8f188706a8cb0f0) Importer(2089858483,b0f066a214c2f5e87bad3c948f4d605d) (ScriptedImporter) -> (artifact id: 'c82c6c422a14defe7d2ea6234e098736') in 0.025886 seconds
Number of updated asset objects reloaded before import = 0Number of asset objects unloaded after import = 2

========================================================================
Received Import Request.
  Time since last request: 0.000046 seconds.
  path: Assets/Tile/Map_56.asset
  artifactKey: Guid(1191504baab434e4bbfa5ed091219288) Importer(2089858483,b0f066a214c2f5e87bad3c948f4d605d)
Start importing Assets/Tile/Map_56.asset using Guid(1191504baab434e4bbfa5ed091219288) Importer(2089858483,b0f066a214c2f5e87bad3c948f4d605d) (ScriptedImporter) -> (artifact id: '55cec4e60efbbf564e920a0354a53737') in 0.0211628 seconds
Number of updated asset objects reloaded before import = 0Number of asset objects unloaded after import = 2

========================================================================
Received Import Request.
  Time since last request: 0.000022 seconds.
  path: Assets/Tile/Map_55.asset
  artifactKey: Guid(b6b500ea69f45514aab2bf6742ca9c04) Importer(2089858483,b0f066a214c2f5e87bad3c948f4d605d)
Start importing Assets/Tile/Map_55.asset using Guid(b6b500ea69f45514aab2bf6742ca9c04) Importer(2089858483,b0f066a214c2f5e87bad3c948f4d605d) (ScriptedImporter) -> (artifact id: '471eb2fc6da34df5eec5e0967d6f08ae') in 0.0246347 seconds
Number of updated asset objects reloaded before import = 0Number of asset objects unloaded after import = 2

========================================================================
Received Import Request.
  Time since last request: 5.163155 seconds.
  path: Assets/Tile/Map_87.asset
  artifactKey: Guid(d44e6a9d0217f2847ab298553eb0d6f8) Importer(815301076,1909f56bfc062723c751e8b465ee728b)
Start importing Assets/Tile/Map_87.asset using Guid(d44e6a9d0217f2847ab298553eb0d6f8) Importer(815301076,1909f56bfc062723c751e8b465ee728b) (PreviewImporter) -> (artifact id: '8fdd82fb1aa2cfcc5bc81d150f744d3f') in 0.0238812 seconds
Number of updated asset objects reloaded before import = 0Number of asset objects unloaded after import = 3

========================================================================
Received Import Request.
  Time since last request: 0.000026 seconds.
  path: Assets/Tile/Map_90.asset
  artifactKey: Guid(4a0cd9adb43a5f849bacd632ba06f7bf) Importer(815301076,1909f56bfc062723c751e8b465ee728b)
Start importing Assets/Tile/Map_90.asset using Guid(4a0cd9adb43a5f849bacd632ba06f7bf) Importer(815301076,1909f56bfc062723c751e8b465ee728b) (PreviewImporter) -> (artifact id: '998b0471eb3336e68a148657f5bc813c') in 0.0180743 seconds
Number of updated asset objects reloaded before import = 0Number of asset objects unloaded after import = 3

========================================================================
Received Import Request.
  Time since last request: 0.041042 seconds.
  path: Assets/Tile/Map_80.asset
  artifactKey: Guid(9cb949031c8f50e47a7e8ee75b3fb87b) Importer(815301076,1909f56bfc062723c751e8b465ee728b)
Start importing Assets/Tile/Map_80.asset using Guid(9cb949031c8f50e47a7e8ee75b3fb87b) Importer(815301076,1909f56bfc062723c751e8b465ee728b) (PreviewImporter) -> (artifact id: '02f1c18a77d11b9dd4ff65baee538d20') in 0.0233083 seconds
Number of updated asset objects reloaded before import = 0Number of asset objects unloaded after import = 3

========================================================================
Received Import Request.
  Time since last request: 0.023424 seconds.
  path: Assets/Tile/Map_71.asset
  artifactKey: Guid(13d27c3f8330c3f479f6d1f665e9831c) Importer(815301076,1909f56bfc062723c751e8b465ee728b)
Start importing Assets/Tile/Map_71.asset using Guid(13d27c3f8330c3f479f6d1f665e9831c) Importer(815301076,1909f56bfc062723c751e8b465ee728b) (PreviewImporter) -> (artifact id: '0f70ab73b2fdf341d4bcac432b505140') in 0.018506 seconds
Number of updated asset objects reloaded before import = 0Number of asset objects unloaded after import = 3

========================================================================
Received Import Request.
  Time since last request: 0.000017 seconds.
  path: Assets/Tile/Map_75.asset
  artifactKey: Guid(b165a792c61a8034bb1d589f0e3cf460) Importer(815301076,1909f56bfc062723c751e8b465ee728b)
Start importing Assets/Tile/Map_75.asset using Guid(b165a792c61a8034bb1d589f0e3cf460) Importer(815301076,1909f56bfc062723c751e8b465ee728b) (PreviewImporter) -> (artifact id: 'a1ec96875a9fc0776ff01d032434c1c9') in 0.0187016 seconds
Number of updated asset objects reloaded before import = 0Number of asset objects unloaded after import = 3

========================================================================
Received Import Request.
  Time since last request: 0.000019 seconds.
  path: Assets/Tile/Map_66.asset
  artifactKey: Guid(26ed172ba6cd489489143e2ef88cf694) Importer(815301076,1909f56bfc062723c751e8b465ee728b)
Start importing Assets/Tile/Map_66.asset using Guid(26ed172ba6cd489489143e2ef88cf694) Importer(815301076,1909f56bfc062723c751e8b465ee728b) (PreviewImporter) -> (artifact id: '817ecdf6bd3ecea483336a4fe6ee0303') in 0.0204668 seconds
Number of updated asset objects reloaded before import = 0Number of asset objects unloaded after import = 3

========================================================================
Received Import Request.
  Time since last request: 0.362979 seconds.
  path: Assets/Tile/Map_59.asset
  artifactKey: Guid(c9cfa4f01a00df14fb02988be9c29e44) Importer(815301076,1909f56bfc062723c751e8b465ee728b)
Start importing Assets/Tile/Map_59.asset using Guid(c9cfa4f01a00df14fb02988be9c29e44) Importer(815301076,1909f56bfc062723c751e8b465ee728b) (PreviewImporter) -> (artifact id: '9bbedc7cabfe893f768af9abaa4a43b1') in 0.0230909 seconds
Number of updated asset objects reloaded before import = 0Number of asset objects unloaded after import = 3

Editor requested this worker to shutdown with reason: Scaling down because of idle timeout
AssetImportWorker is now disconnected from the server
Process exiting
Exiting without the bug reporter. Application will terminate with return code 0